0 info it worked if it ends with ok
1 verbose cli [ 'node',
1 verbose cli   '/home/ockhamsrazor/Desktop/local/nvm/v0.10.28/bin/npm',
1 verbose cli   'install' ]
2 info using npm@2.1.18
3 info using node@v0.10.28
4 verbose config Skipping project config: /home/ockhamsrazor/.npmrc. (matches userconfig)
5 error install Couldn't read dependencies
6 verbose stack Error: ENOENT, open '/home/ockhamsrazor/package.json'
7 verbose cwd /home/ockhamsrazor/Desktop/Web
8 error Linux 3.2.0-70-generic-pae
9 error argv "node" "/home/ockhamsrazor/Desktop/local/nvm/v0.10.28/bin/npm" "install"
10 error node v0.10.28
11 error npm  v2.1.18
12 error path /home/ockhamsrazor/package.json
13 error code ENOPACKAGEJSON
14 error errno 34
15 error package.json ENOENT, open '/home/ockhamsrazor/package.json'
15 error package.json This is most likely not a problem with npm itself.
15 error package.json npm can't find a package.json file in your current directory.
16 verbose exit [ 34, true ]
